C51 COMPILER V9.54   MAIN                                                                  05/11/2023 21:01:16 PAGE 1   


C51 COMPILER V9.54, COMPILATION OF MODULE MAIN
OBJECT MODULE PLACED IN .\Objects\main.obj
COMPILER INVOKED BY: F:\Keil5\C51\BIN\C51.EXE main.c OPTIMIZE(8,SPEED) BROWSE DEBUG OBJECTEXTEND PRINT(.\Listings\main.l
                    -st) TABS(2) OBJECT(.\Objects\main.obj)

line level    source

   1          #include <reg51.h>
   2          
   3          sbit led = P2^0;
   4          
   5          void set()
   6          {
   7   1        TH0 = (65536 - 50000) / 256;
   8   1        TL0 = (65536 - 50000) % 256;
   9   1      }
  10          
  11          void main()
  12          {
  13   1        TMOD = 0x01;
  14   1        set();
  15   1        EA = 1;
  16   1        ET0 = 1;
  17   1        TR0 = 1;
  18   1        while (1);
  19   1      }
  20          
  21          void Timer0() interrupt 1
  22          {
  23   1        led = ~led;
  24   1        set();
  25   1      }


MODULE INFORMATION:   STATIC OVERLAYABLE
   CODE SIZE        =     27    ----
   CONSTANT SIZE    =   ----    ----
   XDATA SIZE       =   ----    ----
   PDATA SIZE       =   ----    ----
   DATA SIZE        =   ----    ----
   IDATA SIZE       =   ----    ----
   BIT SIZE         =   ----    ----
END OF MODULE INFORMATION.


C51 COMPILATION COMPLETE.  0 WARNING(S),  0 ERROR(S)
