C51 COMPILER V9.54   MAIN                                                                  05/07/2023 16:38:26 PAGE 1   


C51 COMPILER V9.54, COMPILATION OF MODULE MAIN
OBJECT MODULE PLACED IN .\Objects\main.obj
COMPILER INVOKED BY: F:\Keil5\C51\BIN\C51.EXE main.c OPTIMIZE(8,SPEED) BROWSE DEBUG OBJECTEXTEND PRINT(.\Listings\main.l
                    -st) TABS(2) OBJECT(.\Objects\main.obj)

line level    source

   1          #include <reg51.h>
   2          #define uint unsigned int
   3          #define uchar unsigned char
   4          
   5          void delay()
   6          {
   7   1        uint i, j;
   8   1        for (i = 0; i < 1000; i ++)
   9   1          for (j = 0; j < 110; j ++);
  10   1      }
  11          
  12          int main()
  13          {
  14   1        uchar m, n;
  15   1        while (1)
  16   1        {
  17   2          for (m = 0; m < 10; m ++)
  18   2          {
  19   3            P2 = m;
  20   3            delay();
  21   3          }
  22   2          for (n = 10; n > 0; n --)
  23   2          {
  24   3            P2 = n;
  25   3            delay();
  26   3          }
  27   2        }
  28   1      }


MODULE INFORMATION:   STATIC OVERLAYABLE
   CODE SIZE        =     56    ----
   CONSTANT SIZE    =   ----    ----
   XDATA SIZE       =   ----    ----
   PDATA SIZE       =   ----    ----
   DATA SIZE        =   ----    ----
   IDATA SIZE       =   ----    ----
   BIT SIZE         =   ----    ----
END OF MODULE INFORMATION.


C51 COMPILATION COMPLETE.  0 WARNING(S),  0 ERROR(S)
