C51 COMPILER V9.54   MAIN                                                                  05/30/2023 18:13:39 PAGE 1   


C51 COMPILER V9.54, COMPILATION OF MODULE MAIN
OBJECT MODULE PLACED IN .\Objects\main.obj
COMPILER INVOKED BY: F:\Keil5\C51\BIN\C51.EXE main.c OPTIMIZE(8,SPEED) BROWSE DEBUG OBJECTEXTEND PRINT(.\Listings\main.l
                    -st) TABS(2) OBJECT(.\Objects\main.obj)

line level    source

   1          #include <reg51.h>
   2          #include <absacc.h>
   3          #define uchar unsigned char
   4          #define uint unsigned int
   5            
   6          sbit P0_0 = P0^0;
   7          sbit P0_1 = P0^1;
   8          sbit P0_2 = P0^2;
   9          sbit P0_3 = P0^3;
  10          uchar cnt;
  11          
  12          void count()
  13          {
  14   1        cnt = 0;
  15   1        if (P0_0 == 1) cnt ++;
  16   1        if (P0_1 == 1) cnt ++;
  17   1        if (P0_2 == 1) cnt ++;
  18   1        if (P0_3 == 1) cnt ++;
  19   1      }
  20          
  21          void delay()
  22          {
  23   1        uint i, j;
  24   1        for (i = 1000; i; i --)
  25   1          for (j = 100; j ; j --);
  26   1      }
  27          
  28          void show()
  29          {
  30   1        uchar i;
  31   1        if (cnt == 1)
  32   1        {
  33   2          uchar m = 0xfe;
  34   2          P1 = m;
  35   2          for (i = 1; i < 8; i ++)
  36   2          {
  37   3            delay();
  38   3            m <<= 1;
  39   3            m |= 0x01;
  40   3            P1 = m;
  41   3          }
  42   2          delay();
  43   2        }
  44   1        else if (cnt == 2)
  45   1        {
  46   2          uchar m = 0x7f;
  47   2          P1 = m;
  48   2          for (i = 1; i < 8; i ++)
  49   2          {
  50   3            delay();
  51   3            m >>= 1;
  52   3            m |= 0x80;
  53   3            P1 = m;
  54   3          }
C51 COMPILER V9.54   MAIN                                                                  05/30/2023 18:13:39 PAGE 2   

  55   2          delay();
  56   2        }
  57   1        else if (cnt == 3)
  58   1        {
  59   2          P1 = 0xff;
  60   2          delay();
  61   2          P1 = 0xe7;
  62   2          delay();
  63   2          P1 = 0xc3;
  64   2          delay();
  65   2          P1 = 0x81;
  66   2          delay();
  67   2          P1 = 0x00;
  68   2          delay();
  69   2        }
  70   1        else
  71   1        {
  72   2          P1 = 0xff;
  73   2          delay();
  74   2          P1 = 0x7e;
  75   2          delay();
  76   2          P1 = 0x3c;
  77   2          delay();
  78   2          P1 = 0x18;
  79   2          delay();
  80   2          P1 = 0x00;
  81   2          delay();
  82   2        }
  83   1      }
  84          
  85          void main()
  86          {
  87   1        while (1)
  88   1        {
  89   2          count();
  90   2          show();
  91   2        }
  92   1      }


MODULE INFORMATION:   STATIC OVERLAYABLE
   CODE SIZE        =    188    ----
   CONSTANT SIZE    =   ----    ----
   XDATA SIZE       =   ----    ----
   PDATA SIZE       =   ----    ----
   DATA SIZE        =      1       1
   IDATA SIZE       =   ----    ----
   BIT SIZE         =   ----    ----
END OF MODULE INFORMATION.


C51 COMPILATION COMPLETE.  0 WARNING(S),  0 ERROR(S)
