C51 COMPILER V9.54   MAIN                                                                  06/12/2023 13:25:17 PAGE 1   


C51 COMPILER V9.54, COMPILATION OF MODULE MAIN
OBJECT MODULE PLACED IN .\Objects\main.obj
COMPILER INVOKED BY: F:\Keil5\C51\BIN\C51.EXE main.c OPTIMIZE(8,SPEED) BROWSE DEBUG OBJECTEXTEND PRINT(.\Listings\main.l
                    -st) TABS(2) OBJECT(.\Objects\main.obj)

line level    source

   1          #include <reg51.h>
   2          #include <absacc.h>
   3          #define uint unsigned int
   4          #define uchar unsigned char
   5            
   6          #define PA XBYTE[0x8000]
   7          #define PB XBYTE[0x8002]
   8          #define PC XBYTE[0x8004]
   9          #define COM XBYTE[0x8006]
  10          
  11          uchar k, i;
  12          uchar buff[8];
  13          
  14          uchar code dis[8] = {0xfe,0xfd,0xfb, 0xf7, 0xef, 0xdf, 0xbf, 0x7f};
  15          uchar code seg[12] = {0x3f, 0x06, 0x5b, 0x4f, 0x66, 0x6d, 0x7d, 0x07, 0x7f, 0x6f};
  16          
  17          void delay(unsigned char t)
  18          {
  19   1        unsigned char i,j;
  20   1        for(i=0;i<t;i++)
  21   1        {
  22   2          for(j=0;j<200;j++)
  23   2          {;}
  24   2        }
  25   1      }
  26          
  27          void main()
  28          {
  29   1        
  30   1        COM = 0x80;
  31   1        EA = 1;   // Enable all
  32   1        EX0 = 1; 
  33   1        IT0 = 1;
  34   1        k = 0;
  35   1        for (i = 0; i < 8; i ++) buff[i] = 0;
  36   1          
  37   1        while (1)
  38   1        {
  39   2          buff[7] = k % 10;
  40   2          buff[6] = k % 100 / 10;
  41   2          for (i = 0; i < 8; i ++)
  42   2          {
  43   3            
  44   3            PB = dis[i];
  45   3            PA = seg[buff[i]];
  46   3            delay(10);
  47   3          }
  48   2        }
  49   1        
  50   1        
  51   1      }
  52          
  53          void int0() interrupt 0
  54          {
C51 COMPILER V9.54   MAIN                                                                  06/12/2023 13:25:17 PAGE 2   

  55   1        k ++;
  56   1      }


MODULE INFORMATION:   STATIC OVERLAYABLE
   CODE SIZE        =    117    ----
   CONSTANT SIZE    =     20    ----
   XDATA SIZE       =   ----    ----
   PDATA SIZE       =   ----    ----
   DATA SIZE        =     10    ----
   IDATA SIZE       =   ----    ----
   BIT SIZE         =   ----    ----
END OF MODULE INFORMATION.


C51 COMPILATION COMPLETE.  0 WARNING(S),  0 ERROR(S)
