C51 COMPILER V9.54   3_1                                                                   05/06/2023 23:15:00 PAGE 1   


C51 COMPILER V9.54, COMPILATION OF MODULE 3_1
OBJECT MODULE PLACED IN .\Objects\3_1.obj
COMPILER INVOKED BY: F:\Keil5\C51\BIN\C51.EXE 3_1.c OPTIMIZE(8,SPEED) BROWSE DEBUG OBJECTEXTEND PRINT(.\Listings\3_1.lst
                    -) TABS(2) OBJECT(.\Objects\3_1.obj)

line level    source

   1          /*
   2            用单片机实现乘法78*18，通过P2口分时间显示低8高8位
   3          */
   4          #include <reg51.h>
   5          #define uint unsigned int
   6          #define uchar unsigned char
   7            
   8          void delay()
   9          {
  10   1        uint m, n;
  11   1        for (m = 1000; m > 0; m --)
  12   1          for (n = 110; n > 0; n --);
  13   1      }
  14          
  15          void main()
  16          {
  17   1        uint ans;
  18   1        uchar i, j;
  19   1        i = 78;
  20   1        j = 18;
  21   1        ans = i * j;
  22   1        while (1)
  23   1        {
  24   2          P2 = ans / 256;
  25   2          delay();
  26   2          P2 = 0xff;
  27   2          delay();
  28   2          P2 = ans % 256;
  29   2          delay();
  30   2        }
  31   1      }


MODULE INFORMATION:   STATIC OVERLAYABLE
   CODE SIZE        =     58    ----
   CONSTANT SIZE    =   ----    ----
   XDATA SIZE       =   ----    ----
   PDATA SIZE       =   ----    ----
   DATA SIZE        =   ----    ----
   IDATA SIZE       =   ----    ----
   BIT SIZE         =   ----    ----
END OF MODULE INFORMATION.


C51 COMPILATION COMPLETE.  0 WARNING(S),  0 ERROR(S)
