C51 COMPILER V9.54   MAIN                                                                  05/30/2023 16:42:49 PAGE 1   


C51 COMPILER V9.54, COMPILATION OF MODULE MAIN
OBJECT MODULE PLACED IN .\Objects\main.obj
COMPILER INVOKED BY: F:\Keil5\C51\BIN\C51.EXE main.c OPTIMIZE(8,SPEED) BROWSE DEBUG OBJECTEXTEND PRINT(.\Listings\main.l
                    -st) TABS(2) OBJECT(.\Objects\main.obj)

line level    source

   1          #include <reg51.h>
   2          #define uchar unsigned char 
   3          #define uint unsigned int
   4            
   5          void delay()
   6          {
   7   1        uint i, j;
   8   1        for (i = 1000; i ; i --)
   9   1          for (j = 100; j; j --);
  10   1      }
  11          
  12          void main()
  13          {
  14   1        uchar m = 0xfe;
  15   1        while (1)
  16   1        {
  17   2          P1 = m;
  18   2          delay();
  19   2          m <<= 1;
  20   2          m |= 0x01;
  21   2          if (m == 0xff) m = 0xfe;
  22   2        }
  23   1      }


MODULE INFORMATION:   STATIC OVERLAYABLE
   CODE SIZE        =     48    ----
   CONSTANT SIZE    =   ----    ----
   XDATA SIZE       =   ----    ----
   PDATA SIZE       =   ----    ----
   DATA SIZE        =   ----    ----
   IDATA SIZE       =   ----    ----
   BIT SIZE         =   ----    ----
END OF MODULE INFORMATION.


C51 COMPILATION COMPLETE.  0 WARNING(S),  0 ERROR(S)
