C51 COMPILER V9.54   MAIN                                                                  05/11/2023 21:19:24 PAGE 1   


C51 COMPILER V9.54, COMPILATION OF MODULE MAIN
OBJECT MODULE PLACED IN .\Objects\main.obj
COMPILER INVOKED BY: F:\Keil5\C51\BIN\C51.EXE main.c OPTIMIZE(8,SPEED) BROWSE DEBUG OBJECTEXTEND PRINT(.\Listings\main.l
                    -st) TABS(2) OBJECT(.\Objects\main.obj)

line level    source

   1          #include <reg51.h>
   2          
   3          sbit led = P2^0;
   4          unsigned char cnt = 0;
   5          
   6          void set()
   7          {
   8   1        TH0 = (65536 - 50000) / 256;
   9   1        TL0 = (65536 - 50000) % 256;
  10   1      }
  11          
  12          void main()
  13          {
  14   1        EA = 1;
  15   1        ET0 = 1;
  16   1        TMOD = 0x01;
  17   1        set();
  18   1        TR0 = 1;
  19   1        while (1);
  20   1      }
  21          
  22          void time0() interrupt 1
  23          {
  24   1        cnt ++;
  25   1        if (cnt == 20)
  26   1        {
  27   2          cnt = 0;
  28   2          led = ~led;
  29   2        }
  30   1        set();
  31   1      }


MODULE INFORMATION:   STATIC OVERLAYABLE
   CODE SIZE        =     45    ----
   CONSTANT SIZE    =   ----    ----
   XDATA SIZE       =   ----    ----
   PDATA SIZE       =   ----    ----
   DATA SIZE        =      1    ----
   IDATA SIZE       =   ----    ----
   BIT SIZE         =   ----    ----
END OF MODULE INFORMATION.


C51 COMPILATION COMPLETE.  0 WARNING(S),  0 ERROR(S)
