C51 COMPILER V9.54   MAIN                                                                  06/12/2023 16:23:10 PAGE 1   


C51 COMPILER V9.54, COMPILATION OF MODULE MAIN
OBJECT MODULE PLACED IN .\Objects\main.obj
COMPILER INVOKED BY: F:\Keil5\C51\BIN\C51.EXE main.c OPTIMIZE(8,SPEED) BROWSE DEBUG OBJECTEXTEND PRINT(.\Listings\main.l
                    -st) TABS(2) OBJECT(.\Objects\main.obj)

line level    source

   1          #include <reg51.h>
   2          #include <absacc.h>
   3          #define uchar unsigned char
   4          #define uint unsigned int
   5            
   6          #define PA XBYTE[0x8000]
   7          #define PB XBYTE[0x8002]
   8          #define PC XBYTE[0x8004]
   9          #define COM XBYTE[0x8006]
  10          
  11          uchar code dis[8] = {0xfe,0xfd,0xfb, 0xf7, 0xef, 0xdf, 0xbf, 0x7f};
  12          uchar code seg[12] = {0x3f, 0x06, 0x5b, 0x4f, 0x66, 0x6d, 0x7d, 0x07, 0x7f, 0x6f};
  13          uchar buff[8], i;
  14          
  15          void delay(unsigned char t)
  16          {
  17   1        unsigned char i,j;
  18   1        for(i=0;i<t;i++)
  19   1        {
  20   2          for(j=0;j<200;j++)
  21   2          {;}
  22   2        }
  23   1      }
  24          
  25          void main()
  26          {
  27   1        COM = 0x80;
  28   1        for (i = 0; i < 8; i ++) buff[i] = i + 1;
  29   1        
  30   1        while (1)
  31   1        {
  32   2          for (i = 0; i < 8; i ++)
  33   2          {
  34   3            
  35   3            PB = dis[i];
  36   3            PA = seg[buff[i]];
  37   3            delay(10);
  38   3          }
  39   2        }
  40   1      }


MODULE INFORMATION:   STATIC OVERLAYABLE
   CODE SIZE        =     87    ----
   CONSTANT SIZE    =     20    ----
   XDATA SIZE       =   ----    ----
   PDATA SIZE       =   ----    ----
   DATA SIZE        =      9    ----
   IDATA SIZE       =   ----    ----
   BIT SIZE         =   ----    ----
END OF MODULE INFORMATION.


C51 COMPILATION COMPLETE.  0 WARNING(S),  0 ERROR(S)
