C51 COMPILER V9.54   MAIN                                                                  05/11/2023 20:49:39 PAGE 1   


C51 COMPILER V9.54, COMPILATION OF MODULE MAIN
OBJECT MODULE PLACED IN .\Objects\main.obj
COMPILER INVOKED BY: F:\Keil5\C51\BIN\C51.EXE main.c OPTIMIZE(8,SPEED) BROWSE DEBUG OBJECTEXTEND PRINT(.\Listings\main.l
                    -st) TABS(2) OBJECT(.\Objects\main.obj)

line level    source

   1          /*
   2            实现P2口8位灯交替闪烁，间隔50ms
   3          */
   4          #include <reg51.h>
   5          
   6          void set()
   7          {
   8   1        TH0 = (65536 - 50000) / 256;
   9   1        TL0 = (65536 - 50000) % 256;
  10   1      }
  11          
  12          void main()
  13          {
  14   1        TMOD = 0x01;
  15   1        set();
  16   1        P2 = 0xff;
  17   1        TR0 = 1;
  18   1        while (1)
  19   1        {
  20   2          while (TF0 == 0);
  21   2          TF0 = 0;
  22   2          P2 = ~P2;
  23   2          set();
  24   2        }
  25   1      }


MODULE INFORMATION:   STATIC OVERLAYABLE
   CODE SIZE        =     31    ----
   CONSTANT SIZE    =   ----    ----
   XDATA SIZE       =   ----    ----
   PDATA SIZE       =   ----    ----
   DATA SIZE        =   ----    ----
   IDATA SIZE       =   ----    ----
   BIT SIZE         =   ----    ----
END OF MODULE INFORMATION.


C51 COMPILATION COMPLETE.  0 WARNING(S),  0 ERROR(S)
